Searched: Data\WhatsApp Chat with Sky Graphics — Figma Edition 1.txt
Required emojis (ALL must be present): ✅ 👤 🛠 📸
Programme Day 1 = 01/06/2026
Matches found: 5
============================================================

[Timestamp] 01/06/2026 (Monday), 11:58 AM
[Day]       Day 1
[Discrepancy] None
----- Full message -----
01/06/2026, 11:58 am - Strength Awa: 🎨 DAY 1 — ACCOUNT SETUP & INTERFACE TOUR

📚 TODAY'S LEARNING
Watch these 3 short videos in order. Total time: 12–15 minutes.

Video 1 — Set up your Figma account
https://www.youtube.com/watch?v=O3gwSmExW1Q

Video 2 — Navigate the file browser
https://www.youtube.com/watch?v=Slm6gr2ZV7k

Video 3 — Create your first design file
https://www.youtube.com/watch?v=zt-Zr57Vfzs

———

✅ WHAT TO DO AFTER WATCHING

1. Create your Figma account at figma.com/signup
2. Customize your profile (add your name and avatar)
3. Explore the dashboard — find Drafts, Recent, and Teams
4. Create your first design file and draw something simple on the canvas
5. Take a screenshot showing your canvas, toolbar, and layers panel

———

📋 CHECK-IN FORM
[Form link dropping later today — see message below]

———

📸 WHAT TO POST IN THE GROUP AFTER YOU SUBMIT

Once you fill the form, paste this exact format in the group:

✅ Day 1 done
👤 [Your name]
🛠 [One sentence — what you built or explored today]
📸 [Attach your screenshot]

———

⏰ Submit before 3PM to earn the early bonus.
Every submission = 10 pts. Before 3PM = 15 pts.
-------------------------

[Timestamp] 01/06/2026 (Monday), 6:13 PM
[Day]       Day 1
[Discrepancy] None
----- Full message -----
01/06/2026, 6:13 pm - Strength Awa: 🔥 FOUR REACTIONS. WINDOW EXTENDED. 🔥

You asked for more time — you got it.

The group stays open until *7:00PM* tonight.
That's your extra hour. Use it.

Now let's see what you're actually capable of. 👀

*Here's the order of priority:*

*1️⃣ Fill the form FIRST.*
The form is your official submission. No form = no points for today. Nothing else counts until that's done.

*2️⃣ Post your check-in in the group IMMEDIATELY after.*
Use this exact format — do not skip any line:

✅ Day 1 done
👤 [Your Full Name]
🛠 [One sentence: what you built or learned today]
📸 [Attach your screenshot]

⚠️ If you fill the form but don't post in the group in this format, you lose the points.
Both steps. In order. Before 7PM.

The leaderboard drops tonight. Your position depends on what you do in the next hour.

Let's go. 🚀
-------------------------

[Timestamp] 01/06/2026 (Monday), 6:41 PM
[Day]       Day 1
[Discrepancy] None
----- Full message -----
01/06/2026, 6:41 pm - Strength Awa: ⏰ *20 MINUTES LEFT. 7:00PM IS FINAL.*

You fought for this extra hour.
4 people reacted with 🔥 to keep this window open.

And in that entire hour… *one person submitted.*

One. 👀

I'm not going to say much. The leaderboard will say it for me tonight.

*If you haven't submitted yet — you have 20 minutes:*

*1️⃣ Fill the form NOW*
*2️⃣ Post your check-in immediately after in this exact format:*

✅ Day 1 done
👤 [Your Full Name]
🛠 [One sentence: what you built or learned today]
📸 [Screenshot attached]

⚠️ No form = no points. No group post = no points.
Both. In order. Before 7PM.

7:00PM the form & group closes. No extensions. No exceptions.

The clock is running. 🕐 <This message was edited>
-------------------------

[Timestamp] 01/06/2026 (Monday), 8:11 AM
[Day]       Day 1
[Discrepancy] None
----- Full message -----
01/06/2026, 8:11 am - Strength Awa: 🎨 DAY 1 — ACCOUNT SETUP & INTERFACE TOUR

📚 TODAY'S LEARNING
Watch these 3 short videos in order. Total time: 12–15 minutes.

Video 1 — Set up your Figma account
https://www.youtube.com/watch?v=O3gwSmExW1Q

Video 2 — Navigate the file browser
https://www.youtube.com/watch?v=Slm6gr2ZV7k

Video 3 — Create your first design file
https://www.youtube.com/watch?v=zt-Zr57Vfzs

———

✅ WHAT TO DO AFTER WATCHING

1. Create your Figma account at figma.com/signup
2. Customize your profile (add your name and avatar)
3. Explore the dashboard — find Drafts, Recent, and Teams
4. Create your first design file and draw something simple on the canvas
5. Take a screenshot showing your canvas, toolbar, and layers panel

———

📋 CHECK-IN FORM
[Form link dropping later today — see message below]

———

📸 WHAT TO POST IN THE GROUP AFTER YOU SUBMIT

Once you fill the form, paste this exact format in the group:

✅ Day 1 done
👤 [Your name]
🛠 [One sentence — what you built or explored today]
📸 [Attach your screenshot]

———

⏰ Submit before 3PM to earn the early bonus.
Every submission = 10 pts. Before 3PM = 15 pts.
-------------------------

[Timestamp] 08/06/2026 (Monday), 1:50 PM
[Day]       Day 6
[Discrepancy] None
----- Full message -----
08/06/2026, 1:50 pm - Strength Awa: 📸 WHAT TO POST IN THE GROUP AFTER YOU SUBMIT

Once you fill the form, paste this exact format in the group:

✅ Day 1 done
👤 [Your name]
🛠 [One sentence — what you built or explored today]
📸 [Attach your screenshot]

———

⏰ Submit before 3PM to earn the early bonus.
Every submission = 10 pts. Before 3PM = 15 pts.
-------------------------

